{
  "stats": {
    "suites": 0,
    "tests": 2,
    "passes": 2,
    "pending": 0,
    "failures": 0,
    "start": "2021-05-07T19:05:58.083Z",
    "end": "2021-05-07T19:06:24.151Z",
    "duration": 26068,
    "testsRegistered": 2,
    "passPercent": 100,
    "pendingPercent": 0,
    "other": 0,
    "hasOther": false,
    "skipped": 0,
    "hasSkipped": false
  },
  "results": [
    {
      "uuid": "0c1ce43c-7507-4fec-af79-20f832de195d",
      "title": "",
      "fullFile": "cypress/integration/mytest.spec.js",
      "file": "cypress/integration/mytest.spec.js",
      "beforeHooks": [],
      "afterHooks": [],
      "tests": [
        {
          "title": "Purchase flow - first user",
          "fullTitle": "Purchase flow - first user",
          "timedOut": null,
          "duration": 15139,
          "state": "passed",
          "speed": "slow",
          "pass": true,
          "fail": false,
          "pending": false,
          "context": null,
          "code": "const btnAddToCar = 'a[title=\"Add to cart\"]';\ncy.visit('http://automationpractice.com/index.php');\ncy.log(\"click on the home page\");\ncy.get(btnAddToCar).eq(0).click();\ncy.log(\"click on the reserve page\");\ncy.get('.button-medium > span').click();\ncy.log(\"Fill first Last\");\ncy.get('.cart_navigation > .button > span').click();\ncy.get('#email').type(data.user);\ncy.get('#passwd').type(data.pass);\ncy.get('.page-heading').should('contain', 'Authentication');",
          "err": {},
          "uuid": "62a1fa69-c644-4f0f-9f26-bea9b5155329",
          "parentUUID": "0c1ce43c-7507-4fec-af79-20f832de195d",
          "isHook": false,
          "skipped": false
        },
        {
          "title": "Purchase flow - second user",
          "fullTitle": "Purchase flow - second user",
          "timedOut": null,
          "duration": 6780,
          "state": "passed",
          "speed": "slow",
          "pass": true,
          "fail": false,
          "pending": false,
          "context": null,
          "code": "const btnAddToCar = 'a[title=\"Add to cart\"]';\ncy.visit('http://automationpractice.com/index.php');\ncy.log(\"click on the home page\");\ncy.get(btnAddToCar).eq(0).click();\ncy.log(\"click on the reserve page\");\ncy.get('.button-medium > span').click();\ncy.log(\"Fill first Last\");\ncy.get('.cart_navigation > .button > span').click();\ncy.get('#email').type(data.user);\ncy.get('#passwd').type(data.pass);\ncy.get('.page-heading').should('contain', 'Authentication');",
          "err": {},
          "uuid": "b3f0eb4a-d617-4c67-930e-e14cf909022f",
          "parentUUID": "0c1ce43c-7507-4fec-af79-20f832de195d",
          "isHook": false,
          "skipped": false
        }
      ],
      "suites": [],
      "passes": [
        "62a1fa69-c644-4f0f-9f26-bea9b5155329",
        "b3f0eb4a-d617-4c67-930e-e14cf909022f"
      ],
      "failures": [],
      "pending": [],
      "skipped": [],
      "duration": 21919,
      "root": true,
      "rootEmpty": false,
      "_timeout": 2000
    }
  ],
  "meta": {
    "mocha": {
      "version": "7.0.1"
    },
    "mochawesome": {
      "options": {
        "quiet": false,
        "reportFilename": "mochawesome",
        "saveHtml": true,
        "saveJson": true,
        "consoleReporter": "spec",
        "useInlineDiffs": false,
        "code": true
      },
      "version": "6.2.2"
    },
    "marge": {
      "options": null,
      "version": "5.2.0"
    }
  }
}